This file contains any messages produced by compilers while
running configure, to aid debugging if configure makes a mistake.

It was created by EchoServer configure 1.0, which was
generated by GNU Autoconf 2.68.  Invocation command line was

  $ ../configure 

## --------- ##
## Platform. ##
## --------- ##

hostname = Ubuntu
uname -m = i686
uname -r = 3.8.0-29-generic
uname -s = Linux
uname -v = #42~precise1-Ubuntu SMP Wed Aug 14 15:31:16 UTC 2013

/usr/bin/uname -p = unknown
/bin/uname -X     = unknown

/bin/arch              = unknown
/usr/bin/arch -k       = unknown
/usr/convex/getsysinfo = unknown
/usr/bin/hostinfo      = unknown
/bin/machine           = unknown
/usr/bin/oslevel       = unknown
/bin/universe          = unknown

PATH: /usr/local/sbin
PATH: /usr/local/bin
PATH: /usr/sbin
PATH: /usr/bin
PATH: /sbin
PATH: /bin


## ----------- ##
## Core tests. ##
## ----------- ##

configure:2270: checking for a BSD-compatible install
configure:2338: result: /usr/bin/install -c
configure:2349: checking whether build environment is sane
configure:2399: result: yes
configure:2540: checking for a thread-safe mkdir -p
configure:2579: result: /bin/mkdir -p
configure:2592: checking for gawk
configure:2622: result: no
configure:2592: checking for mawk
configure:2608: found /usr/bin/mawk
configure:2619: result: mawk
configure:2630: checking whether make sets $(MAKE)
configure:2652: result: yes
configure:2791: checking for clang
configure:2807: found /usr/bin/clang
configure:2818: result: clang
configure:2849: checking for C compiler version
configure:2858: clang --version >&5
Ubuntu clang version 3.0-6ubuntu3 (tags/RELEASE_30/final) (based on LLVM 3.0)
Target: i386-pc-linux-gnu
Thread model: posix
configure:2869: $? = 0
configure:2858: clang -v >&5
Ubuntu clang version 3.0-6ubuntu3 (tags/RELEASE_30/final) (based on LLVM 3.0)
Target: i386-pc-linux-gnu
Thread model: posix
configure:2869: $? = 0
configure:2858: clang -V >&5
clang: error: argument to '-V' is missing (expected 1 value)
clang: error: no input files
configure:2869: $? = 1
configure:2858: clang -qversion >&5
clang: error: no input files
configure:2869: $? = 1
configure:2889: checking whether the C compiler works
configure:2911: clang    conftest.c  >&5
configure:2915: $? = 0
configure:2963: result: yes
configure:2966: checking for C compiler default output file name
configure:2968: result: a.out
configure:2974: checking for suffix of executables
configure:2981: clang -o conftest    conftest.c  >&5
configure:2985: $? = 0
configure:3007: result: 
configure:3029: checking whether we are cross compiling
configure:3037: clang -o conftest    conftest.c  >&5
configure:3041: $? = 0
configure:3048: ./conftest
configure:3052: $? = 0
configure:3067: result: no
configure:3072: checking for suffix of object files
configure:3094: clang -c   conftest.c >&5
configure:3098: $? = 0
configure:3119: result: o
configure:3123: checking whether we are using the GNU C compiler
configure:3142: clang -c   conftest.c >&5
configure:3142: $? = 0
configure:3151: result: yes
configure:3160: checking whether clang accepts -g
configure:3180: clang -c -g  conftest.c >&5
configure:3180: $? = 0
configure:3221: result: yes
configure:3238: checking for clang option to accept ISO C89
configure:3302: clang  -c -g -O2  conftest.c >&5
configure:3302: $? = 0
configure:3315: result: none needed
configure:3346: checking for style of include used by make
configure:3374: result: GNU
configure:3400: checking dependency style of clang
configure:3511: result: gcc3
configure:3584: checking for clang++
configure:3600: found /usr/bin/clang++
configure:3611: result: clang++
configure:3638: checking for C++ compiler version
configure:3647: clang++ --version >&5
Ubuntu clang version 3.0-6ubuntu3 (tags/RELEASE_30/final) (based on LLVM 3.0)
Target: i386-pc-linux-gnu
Thread model: posix
configure:3658: $? = 0
configure:3647: clang++ -v >&5
Ubuntu clang version 3.0-6ubuntu3 (tags/RELEASE_30/final) (based on LLVM 3.0)
Target: i386-pc-linux-gnu
Thread model: posix
configure:3658: $? = 0
configure:3647: clang++ -V >&5
clang: error: argument to '-V' is missing (expected 1 value)
clang: error: no input files
configure:3658: $? = 1
configure:3647: clang++ -qversion >&5
clang: error: no input files
configure:3658: $? = 1
configure:3662: checking whether we are using the GNU C++ compiler
configure:3681: clang++ -c   conftest.cpp >&5
configure:3681: $? = 0
configure:3690: result: yes
configure:3699: checking whether clang++ accepts -g
configure:3719: clang++ -c -g  conftest.cpp >&5
configure:3719: $? = 0
configure:3760: result: yes
configure:3785: checking dependency style of clang++
configure:3896: result: gcc3
configure:3916: checking how to run the C preprocessor
configure:3947: clang -E  conftest.c
configure:3947: $? = 0
configure:3961: clang -E  conftest.c
conftest.c:11:10: fatal error: 'ac_nonexistent.h' file not found
#include <ac_nonexistent.h>
         ^
1 error generated.
configure:3961: $? = 1
configure: failed program was:
| /* confdefs.h */
| #define PACKAGE_NAME "EchoServer"
| #define PACKAGE_TARNAME "echoserver"
| #define PACKAGE_VERSION "1.0"
| #define PACKAGE_STRING "EchoServer 1.0"
| #define PACKAGE_BUGREPORT "649412424@qq.com"
| #define PACKAGE_URL ""
| #define PACKAGE "EchoServer"
| #define VERSION "1.0"
| /* end confdefs.h.  */
| #include <ac_nonexistent.h>
configure:3986: result: clang -E
configure:4006: clang -E  conftest.c
configure:4006: $? = 0
configure:4020: clang -E  conftest.c
conftest.c:11:10: fatal error: 'ac_nonexistent.h' file not found
#include <ac_nonexistent.h>
         ^
1 error generated.
configure:4020: $? = 1
configure: failed program was:
| /* confdefs.h */
| #define PACKAGE_NAME "EchoServer"
| #define PACKAGE_TARNAME "echoserver"
| #define PACKAGE_VERSION "1.0"
| #define PACKAGE_STRING "EchoServer 1.0"
| #define PACKAGE_BUGREPORT "649412424@qq.com"
| #define PACKAGE_URL ""
| #define PACKAGE "EchoServer"
| #define VERSION "1.0"
| /* end confdefs.h.  */
| #include <ac_nonexistent.h>
configure:4052: checking for gawk
configure:4079: result: mawk
configure:4091: checking whether ln -s works
configure:4095: result: yes
configure:4102: checking whether make sets $(MAKE)
configure:4124: result: yes
configure:4162: checking build system type
configure:4176: result: i686-pc-linux-gnu
configure:4196: checking host system type
configure:4209: result: i686-pc-linux-gnu
configure:4250: checking how to print strings
configure:4277: result: printf
configure:4298: checking for a sed that does not truncate output
configure:4362: result: /bin/sed
configure:4380: checking for grep that handles long lines and -e
configure:4438: result: /bin/grep
configure:4443: checking for egrep
configure:4505: result: /bin/grep -E
configure:4510: checking for fgrep
configure:4572: result: /bin/grep -F
configure:4607: checking for ld used by clang
configure:4674: result: /usr/bin/ld
configure:4681: checking if the linker (/usr/bin/ld) is GNU ld
configure:4696: result: yes
configure:4708: checking for BSD- or MS-compatible name lister (nm)
configure:4757: result: /usr/bin/nm -B
configure:4887: checking the name lister (/usr/bin/nm -B) interface
configure:4894: clang -c -g -O2  conftest.c >&5
configure:4897: /usr/bin/nm -B "conftest.o"
configure:4900: output
00000000 B some_variable
configure:4907: result: BSD nm
configure:4911: checking the maximum length of command line arguments
configure:5041: result: 1572864
configure:5058: checking whether the shell understands some XSI constructs
configure:5068: result: yes
configure:5072: checking whether the shell understands "+="
configure:5078: result: yes
configure:5113: checking how to convert i686-pc-linux-gnu file names to i686-pc-linux-gnu format
configure:5153: result: func_convert_file_noop
configure:5160: checking how to convert i686-pc-linux-gnu file names to toolchain format
configure:5180: result: func_convert_file_noop
configure:5187: checking for /usr/bin/ld option to reload object files
configure:5194: result: -r
configure:5268: checking for objdump
configure:5284: found /usr/bin/objdump
configure:5295: result: objdump
configure:5327: checking how to recognize dependent libraries
configure:5529: result: pass_all
configure:5614: checking for dlltool
configure:5644: result: no
configure:5674: checking how to associate runtime and link libraries
configure:5701: result: printf %s\n
configure:5762: checking for ar
configure:5778: found /usr/bin/ar
configure:5789: result: ar
configure:5826: checking for archiver @FILE support
configure:5843: clang -c -g -O2  conftest.c >&5
configure:5843: $? = 0
configure:5846: ar cru libconftest.a @conftest.lst >&5
configure:5849: $? = 0
configure:5854: ar cru libconftest.a @conftest.lst >&5
ar: conftest.o: No such file or directory
configure:5857: $? = 1
configure:5869: result: @
configure:5927: checking for strip
configure:5943: found /usr/bin/strip
configure:5954: result: strip
configure:6026: checking for ranlib
configure:6042: found /usr/bin/ranlib
configure:6053: result: ranlib
configure:6155: checking command to parse /usr/bin/nm -B output from clang object
configure:6275: clang -c -g -O2  conftest.c >&5
configure:6278: $? = 0
configure:6282: /usr/bin/nm -B conftest.o \| sed -n -e 's/^.*[ ]\([ABCDGIRSTW][ABCDGIRSTW]*\)[ ][ ]*\([_A-Za-z][_A-Za-z0-9]*\)$/\1 \2 \2/p' | sed '/ __gnu_lto/d' \> conftest.nm
configure:6285: $? = 0
configure:6351: clang -o conftest -g -O2   conftest.c conftstm.o >&5
configure:6354: $? = 0
configure:6392: result: ok
configure:6429: checking for sysroot
configure:6459: result: no
configure:6715: checking for mt
configure:6731: found /bin/mt
configure:6742: result: mt
configure:6765: checking if mt is a manifest tool
configure:6771: mt '-?'
configure:6779: result: no
configure:7417: checking for ANSI C header files
configure:7437: clang -c -g -O2  conftest.c >&5
configure:7437: $? = 0
configure:7510: clang -o conftest -g -O2   conftest.c  >&5
configure:7510: $? = 0
configure:7510: ./conftest
configure:7510: $? = 0
configure:7521: result: yes
configure:7534: checking for sys/types.h
configure:7534: clang -c -g -O2  conftest.c >&5
configure:7534: $? = 0
configure:7534: result: yes
configure:7534: checking for sys/stat.h
configure:7534: clang -c -g -O2  conftest.c >&5
configure:7534: $? = 0
configure:7534: result: yes
configure:7534: checking for stdlib.h
configure:7534: clang -c -g -O2  conftest.c >&5
configure:7534: $? = 0
configure:7534: result: yes
configure:7534: checking for string.h
configure:7534: clang -c -g -O2  conftest.c >&5
configure:7534: $? = 0
configure:7534: result: yes
configure:7534: checking for memory.h
configure:7534: clang -c -g -O2  conftest.c >&5
configure:7534: $? = 0
configure:7534: result: yes
configure:7534: checking for strings.h
configure:7534: clang -c -g -O2  conftest.c >&5
configure:7534: $? = 0
configure:7534: result: yes
configure:7534: checking for inttypes.h
configure:7534: clang -c -g -O2  conftest.c >&5
configure:7534: $? = 0
configure:7534: result: yes
configure:7534: checking for stdint.h
configure:7534: clang -c -g -O2  conftest.c >&5
configure:7534: $? = 0
configure:7534: result: yes
configure:7534: checking for unistd.h
configure:7534: clang -c -g -O2  conftest.c >&5
configure:7534: $? = 0
configure:7534: result: yes
configure:7548: checking for dlfcn.h
configure:7548: clang -c -g -O2  conftest.c >&5
configure:7548: $? = 0
configure:7548: result: yes
configure:7765: checking for objdir
configure:7780: result: .libs
configure:8051: checking if clang supports -fno-rtti -fno-exceptions
configure:8069: clang -c -g -O2  -fno-rtti -fno-exceptions conftest.c >&5
configure:8073: $? = 0
configure:8086: result: yes
configure:8413: checking for clang option to produce PIC
configure:8420: result: -fPIC -DPIC
configure:8428: checking if clang PIC flag -fPIC -DPIC works
configure:8446: clang -c -g -O2  -fPIC -DPIC -DPIC conftest.c >&5
configure:8450: $? = 0
configure:8463: result: yes
configure:8492: checking if clang static flag -static works
configure:8520: result: yes
configure:8535: checking if clang supports -c -o file.o
configure:8556: clang -c -g -O2  -o out/conftest2.o conftest.c >&5
configure:8560: $? = 0
configure:8582: result: yes
configure:8590: checking if clang supports -c -o file.o
configure:8637: result: yes
configure:8670: checking whether the clang linker (/usr/bin/ld) supports shared libraries
configure:9827: result: yes
configure:9864: checking whether -lc should be explicitly linked in
configure:9872: clang -c -g -O2  conftest.c >&5
configure:9875: $? = 0
configure:9890: clang -shared  -fPIC -DPIC conftest.o  -v -Wl,-soname -Wl,conftest -o conftest 2\>\&1 \| /bin/grep  -lc  \>/dev/null 2\>\&1
configure:9893: $? = 0
configure:9907: result: no
configure:10067: checking dynamic linker characteristics
configure:10578: clang -o conftest -g -O2   -Wl,-rpath -Wl,/foo conftest.c  >&5
configure:10578: $? = 0
configure:10812: result: GNU/Linux ld.so
configure:10919: checking how to hardcode library paths into programs
configure:10944: result: immediate
configure:11484: checking whether stripping libraries is possible
configure:11489: result: yes
configure:11524: checking if libtool supports shared libraries
configure:11526: result: yes
configure:11529: checking whether to build shared libraries
configure:11550: result: yes
configure:11553: checking whether to build static libraries
configure:11557: result: yes
configure:11580: checking how to run the C++ preprocessor
configure:11607: clang++ -E  conftest.cpp
configure:11607: $? = 0
configure:11621: clang++ -E  conftest.cpp
conftest.cpp:23:10: fatal error: 'ac_nonexistent.h' file not found
#include <ac_nonexistent.h>
         ^
1 error generated.
configure:11621: $? = 1
configure: failed program was:
| /* confdefs.h */
| #define PACKAGE_NAME "EchoServer"
| #define PACKAGE_TARNAME "echoserver"
| #define PACKAGE_VERSION "1.0"
| #define PACKAGE_STRING "EchoServer 1.0"
| #define PACKAGE_BUGREPORT "649412424@qq.com"
| #define PACKAGE_URL ""
| #define PACKAGE "EchoServer"
| #define VERSION "1.0"
| #define STDC_HEADERS 1
| #define HAVE_SYS_TYPES_H 1
| #define HAVE_SYS_STAT_H 1
| #define HAVE_STDLIB_H 1
| #define HAVE_STRING_H 1
| #define HAVE_MEMORY_H 1
| #define HAVE_STRINGS_H 1
| #define HAVE_INTTYPES_H 1
| #define HAVE_STDINT_H 1
| #define HAVE_UNISTD_H 1
| #define HAVE_DLFCN_H 1
| #define LT_OBJDIR ".libs/"
| /* end confdefs.h.  */
| #include <ac_nonexistent.h>
configure:11646: result: clang++ -E
configure:11666: clang++ -E  conftest.cpp
configure:11666: $? = 0
configure:11680: clang++ -E  conftest.cpp
conftest.cpp:23:10: fatal error: 'ac_nonexistent.h' file not found
#include <ac_nonexistent.h>
         ^
1 error generated.
configure:11680: $? = 1
configure: failed program was:
| /* confdefs.h */
| #define PACKAGE_NAME "EchoServer"
| #define PACKAGE_TARNAME "echoserver"
| #define PACKAGE_VERSION "1.0"
| #define PACKAGE_STRING "EchoServer 1.0"
| #define PACKAGE_BUGREPORT "649412424@qq.com"
| #define PACKAGE_URL ""
| #define PACKAGE "EchoServer"
| #define VERSION "1.0"
| #define STDC_HEADERS 1
| #define HAVE_SYS_TYPES_H 1
| #define HAVE_SYS_STAT_H 1
| #define HAVE_STDLIB_H 1
| #define HAVE_STRING_H 1
| #define HAVE_MEMORY_H 1
| #define HAVE_STRINGS_H 1
| #define HAVE_INTTYPES_H 1
| #define HAVE_STDINT_H 1
| #define HAVE_UNISTD_H 1
| #define HAVE_DLFCN_H 1
| #define LT_OBJDIR ".libs/"
| /* end confdefs.h.  */
| #include <ac_nonexistent.h>
configure:11849: checking for ld used by clang++
configure:11916: result: /usr/bin/ld
configure:11923: checking if the linker (/usr/bin/ld) is GNU ld
configure:11938: result: yes
configure:11993: checking whether the clang++ linker (/usr/bin/ld) supports shared libraries
configure:12998: result: yes
configure:13034: clang++ -c -g -O2  conftest.cpp >&5
configure:13037: $? = 0
configure:13557: checking for clang++ option to produce PIC
configure:13564: result: -fPIC -DPIC
configure:13572: checking if clang++ PIC flag -fPIC -DPIC works
configure:13590: clang++ -c -g -O2  -fPIC -DPIC -DPIC conftest.cpp >&5
configure:13594: $? = 0
configure:13607: result: yes
configure:13630: checking if clang++ static flag -static works
configure:13658: result: yes
configure:13670: checking if clang++ supports -c -o file.o
configure:13691: clang++ -c -g -O2  -o out/conftest2.o conftest.cpp >&5
configure:13695: $? = 0
configure:13717: result: yes
configure:13722: checking if clang++ supports -c -o file.o
configure:13769: result: yes
configure:13799: checking whether the clang++ linker (/usr/bin/ld) supports shared libraries
configure:13838: result: yes
configure:13979: checking dynamic linker characteristics
configure:14658: result: GNU/Linux ld.so
configure:14711: checking how to hardcode library paths into programs
configure:14736: result: immediate
configure:14808: checking for clock_gettime in -lrt
configure:14833: clang -o conftest -g -O2   conftest.c -lrt   >&5
configure:14833: $? = 0
configure:14842: result: yes
configure:14858: checking for pthread_create in -lpthread
configure:14883: clang -o conftest -g -O2   conftest.c -lpthread  -lrt  >&5
configure:14883: $? = 0
configure:14892: result: yes
configure:15051: creating ./config.status

## ---------------------- ##
## Running config.status. ##
## ---------------------- ##

This file was extended by EchoServer config.status 1.0, which was
generated by GNU Autoconf 2.68.  Invocation command line was

  CONFIG_FILES    = 
  CONFIG_HEADERS  = 
  CONFIG_LINKS    = 
  CONFIG_COMMANDS = 
  $ ./config.status 

on Ubuntu

config.status:1155: creating Makefile
config.status:1155: creating src/Makefile
config.status:1155: creating test/Makefile
config.status:1155: creating config.h
config.status:1321: config.h is unchanged
config.status:1369: executing depfiles commands
config.status:1369: executing libtool commands

## ---------------- ##
## Cache variables. ##
## ---------------- ##

ac_cv_build=i686-pc-linux-gnu
ac_cv_c_compiler_gnu=yes
ac_cv_cxx_compiler_gnu=yes
ac_cv_env_CCC_set=
ac_cv_env_CCC_value=
ac_cv_env_CC_set=
ac_cv_env_CC_value=
ac_cv_env_CFLAGS_set=
ac_cv_env_CFLAGS_value=
ac_cv_env_CPPFLAGS_set=
ac_cv_env_CPPFLAGS_value=
ac_cv_env_CPP_set=
ac_cv_env_CPP_value=
ac_cv_env_CXXCPP_set=
ac_cv_env_CXXCPP_value=
ac_cv_env_CXXFLAGS_set=
ac_cv_env_CXXFLAGS_value=
ac_cv_env_CXX_set=
ac_cv_env_CXX_value=
ac_cv_env_LDFLAGS_set=
ac_cv_env_LDFLAGS_value=
ac_cv_env_LIBS_set=
ac_cv_env_LIBS_value=
ac_cv_env_build_alias_set=
ac_cv_env_build_alias_value=
ac_cv_env_host_alias_set=
ac_cv_env_host_alias_value=
ac_cv_env_target_alias_set=
ac_cv_env_target_alias_value=
ac_cv_header_dlfcn_h=yes
ac_cv_header_inttypes_h=yes
ac_cv_header_memory_h=yes
ac_cv_header_stdc=yes
ac_cv_header_stdint_h=yes
ac_cv_header_stdlib_h=yes
ac_cv_header_string_h=yes
ac_cv_header_strings_h=yes
ac_cv_header_sys_stat_h=yes
ac_cv_header_sys_types_h=yes
ac_cv_header_unistd_h=yes
ac_cv_host=i686-pc-linux-gnu
ac_cv_lib_pthread_pthread_create=yes
ac_cv_lib_rt_clock_gettime=yes
ac_cv_objext=o
ac_cv_path_EGREP='/bin/grep -E'
ac_cv_path_FGREP='/bin/grep -F'
ac_cv_path_GREP=/bin/grep
ac_cv_path_SED=/bin/sed
ac_cv_path_install='/usr/bin/install -c'
ac_cv_path_mkdir=/bin/mkdir
ac_cv_prog_AWK=mawk
ac_cv_prog_CPP='clang -E'
ac_cv_prog_CXXCPP='clang++ -E'
ac_cv_prog_ac_ct_AR=ar
ac_cv_prog_ac_ct_CC=clang
ac_cv_prog_ac_ct_CXX=clang++
ac_cv_prog_ac_ct_MANIFEST_TOOL=mt
ac_cv_prog_ac_ct_OBJDUMP=objdump
ac_cv_prog_ac_ct_RANLIB=ranlib
ac_cv_prog_ac_ct_STRIP=strip
ac_cv_prog_cc_c89=
ac_cv_prog_cc_g=yes
ac_cv_prog_cxx_g=yes
ac_cv_prog_make_make_set=yes
am_cv_CC_dependencies_compiler_type=gcc3
am_cv_CXX_dependencies_compiler_type=gcc3
lt_cv_ar_at_file=@
lt_cv_archive_cmds_need_lc=no
lt_cv_deplibs_check_method=pass_all
lt_cv_file_magic_cmd='$MAGIC_CMD'
lt_cv_file_magic_test_file=
lt_cv_ld_reload_flag=-r
lt_cv_nm_interface='BSD nm'
lt_cv_objdir=.libs
lt_cv_path_LD=/usr/bin/ld
lt_cv_path_LDCXX=/usr/bin/ld
lt_cv_path_NM='/usr/bin/nm -B'
lt_cv_path_mainfest_tool=no
lt_cv_prog_compiler_c_o=yes
lt_cv_prog_compiler_c_o_CXX=yes
lt_cv_prog_compiler_pic='-fPIC -DPIC'
lt_cv_prog_compiler_pic_CXX='-fPIC -DPIC'
lt_cv_prog_compiler_pic_works=yes
lt_cv_prog_compiler_pic_works_CXX=yes
lt_cv_prog_compiler_rtti_exceptions=yes
lt_cv_prog_compiler_static_works=yes
lt_cv_prog_compiler_static_works_CXX=yes
lt_cv_prog_gnu_ld=yes
lt_cv_prog_gnu_ldcxx=yes
lt_cv_sharedlib_from_linklib_cmd='printf %s\n'
lt_cv_shlibpath_overrides_runpath=no
lt_cv_sys_global_symbol_pipe='sed -n -e '\''s/^.*[	 ]\([ABCDGIRSTW][ABCDGIRSTW]*\)[	 ][	 ]*\([_A-Za-z][_A-Za-z0-9]*\)$/\1 \2 \2/p'\'' | sed '\''/ __gnu_lto/d'\'''
lt_cv_sys_global_symbol_to_c_name_address='sed -n -e '\''s/^: \([^ ]*\)[ ]*$/  {\"\1\", (void *) 0},/p'\'' -e '\''s/^[ABCDGIRSTW]* \([^ ]*\) \([^ ]*\)$/  {"\2", (void *) \&\2},/p'\'''
lt_cv_sys_global_symbol_to_c_name_address_lib_prefix='sed -n -e '\''s/^: \([^ ]*\)[ ]*$/  {\"\1\", (void *) 0},/p'\'' -e '\''s/^[ABCDGIRSTW]* \([^ ]*\) \(lib[^ ]*\)$/  {"\2", (void *) \&\2},/p'\'' -e '\''s/^[ABCDGIRSTW]* \([^ ]*\) \([^ ]*\)$/  {"lib\2", (void *) \&\2},/p'\'''
lt_cv_sys_global_symbol_to_cdecl='sed -n -e '\''s/^T .* \(.*\)$/extern int \1();/p'\'' -e '\''s/^[ABCDGIRSTW]* .* \(.*\)$/extern char \1;/p'\'''
lt_cv_sys_max_cmd_len=1572864
lt_cv_to_host_file_cmd=func_convert_file_noop
lt_cv_to_tool_file_cmd=func_convert_file_noop

## ----------------- ##
## Output variables. ##
## ----------------- ##

ACLOCAL='${SHELL} /home/wuyu/gitWork/interest/Autotools-exercise2/EchoServer/missing --run aclocal-1.11'
AMDEPBACKSLASH='\'
AMDEP_FALSE='#'
AMDEP_TRUE=''
AMTAR='$${TAR-tar}'
AR='ar'
AUTOCONF='${SHELL} /home/wuyu/gitWork/interest/Autotools-exercise2/EchoServer/missing --run autoconf'
AUTOHEADER='${SHELL} /home/wuyu/gitWork/interest/Autotools-exercise2/EchoServer/missing --run autoheader'
AUTOMAKE='${SHELL} /home/wuyu/gitWork/interest/Autotools-exercise2/EchoServer/missing --run automake-1.11'
AWK='mawk'
CC='clang'
CCDEPMODE='depmode=gcc3'
CFLAGS='-g -O2'
CPP='clang -E'
CPPFLAGS=''
CXX='clang++'
CXXCPP='clang++ -E'
CXXDEPMODE='depmode=gcc3'
CXXFLAGS='-O3 -Wall -Werror -march=native -rdynamic -std=c++11'
CYGPATH_W='echo'
DEFS='-DHAVE_CONFIG_H'
DEPDIR='.deps'
DLLTOOL='false'
DSYMUTIL=''
DUMPBIN=''
ECHO_C=''
ECHO_N='-n'
ECHO_T=''
EGREP='/bin/grep -E'
EXEEXT=''
FGREP='/bin/grep -F'
GREP='/bin/grep'
INSTALL_DATA='${INSTALL} -m 644'
INSTALL_PROGRAM='${INSTALL}'
INSTALL_SCRIPT='${INSTALL}'
INSTALL_STRIP_PROGRAM='$(install_sh) -c -s'
LD='/usr/bin/ld'
LDFLAGS=''
LIBOBJS=''
LIBS='-lpthread -lrt '
LIBTOOL='$(SHELL) $(top_builddir)/libtool'
LIPO=''
LN_S='ln -s'
LTLIBOBJS=''
MAKEINFO='${SHELL} /home/wuyu/gitWork/interest/Autotools-exercise2/EchoServer/missing --run makeinfo'
MANIFEST_TOOL=':'
MKDIR_P='/bin/mkdir -p'
NM='/usr/bin/nm -B'
NMEDIT=''
OBJDUMP='objdump'
OBJEXT='o'
OTOOL64=''
OTOOL=''
PACKAGE='EchoServer'
PACKAGE_BUGREPORT='649412424@qq.com'
PACKAGE_NAME='EchoServer'
PACKAGE_STRING='EchoServer 1.0'
PACKAGE_TARNAME='echoserver'
PACKAGE_URL=''
PACKAGE_VERSION='1.0'
PATH_SEPARATOR=':'
RANLIB='ranlib'
SED='/bin/sed'
SET_MAKE=''
SHELL='/bin/bash'
STRIP='strip'
VERSION='1.0'
ac_ct_AR='ar'
ac_ct_CC='clang'
ac_ct_CXX='clang++'
ac_ct_DUMPBIN=''
am__EXEEXT_FALSE=''
am__EXEEXT_TRUE='#'
am__fastdepCC_FALSE='#'
am__fastdepCC_TRUE=''
am__fastdepCXX_FALSE='#'
am__fastdepCXX_TRUE=''
am__include='include'
am__isrc=' -I$(srcdir)'
am__leading_dot='.'
am__nodep='_no'
am__quote=''
am__tar='$${TAR-tar} chof - "$$tardir"'
am__untar='$${TAR-tar} xf -'
bindir='${exec_prefix}/bin'
build='i686-pc-linux-gnu'
build_alias=''
build_cpu='i686'
build_os='linux-gnu'
build_vendor='pc'
datadir='${datarootdir}'
datarootdir='${prefix}/share'
docdir='${datarootdir}/doc/${PACKAGE_TARNAME}'
dvidir='${docdir}'
exec_prefix='${prefix}'
host='i686-pc-linux-gnu'
host_alias=''
host_cpu='i686'
host_os='linux-gnu'
host_vendor='pc'
htmldir='${docdir}'
includedir='${prefix}/include'
infodir='${datarootdir}/info'
install_sh='${SHELL} /home/wuyu/gitWork/interest/Autotools-exercise2/EchoServer/install-sh'
libdir='${exec_prefix}/lib'
libexecdir='${exec_prefix}/libexec'
localedir='${datarootdir}/locale'
localstatedir='${prefix}/var'
mandir='${datarootdir}/man'
mkdir_p='/bin/mkdir -p'
oldincludedir='/usr/include'
pdfdir='${docdir}'
prefix='/usr/local'
program_transform_name='s,x,x,'
psdir='${docdir}'
sbindir='${exec_prefix}/sbin'
sharedstatedir='${prefix}/com'
sysconfdir='${prefix}/etc'
target_alias=''

## ----------- ##
## confdefs.h. ##
## ----------- ##

/* confdefs.h */
#define PACKAGE_NAME "EchoServer"
#define PACKAGE_TARNAME "echoserver"
#define PACKAGE_VERSION "1.0"
#define PACKAGE_STRING "EchoServer 1.0"
#define PACKAGE_BUGREPORT "649412424@qq.com"
#define PACKAGE_URL ""
#define PACKAGE "EchoServer"
#define VERSION "1.0"
#define STDC_HEADERS 1
#define HAVE_SYS_TYPES_H 1
#define HAVE_SYS_STAT_H 1
#define HAVE_STDLIB_H 1
#define HAVE_STRING_H 1
#define HAVE_MEMORY_H 1
#define HAVE_STRINGS_H 1
#define HAVE_INTTYPES_H 1
#define HAVE_STDINT_H 1
#define HAVE_UNISTD_H 1
#define HAVE_DLFCN_H 1
#define LT_OBJDIR ".libs/"
#define HAVE_LIBRT 1
#define HAVE_LIBPTHREAD 1

configure: exit 0

## ---------------------- ##
## Running config.status. ##
## ---------------------- ##

This file was extended by EchoServer config.status 1.0, which was
generated by GNU Autoconf 2.68.  Invocation command line was

  CONFIG_FILES    = 
  CONFIG_HEADERS  = 
  CONFIG_LINKS    = 
  CONFIG_COMMANDS = 
  $ ./config.status config.h

on Ubuntu

config.status:1155: creating config.h
config.status:1321: config.h is unchanged
